#
# There is insufficient memory for the Java Runtime Environment to continue.
# Native memory allocation (malloc) failed to allocate 1656816 bytes for Chunk::new
# Possible reasons:
#   The system is out of physical RAM or swap space
#   The process is running with CompressedOops enabled, and the Java Heap may be blocking the growth of the native heap
# Possible solutions:
#   Reduce memory load on the system
#   Increase physical memory or swap space
#   Check if swap backing store is full
#   Decrease Java heap size (-Xmx/-Xms)
#   Decrease number of Java threads
#   Decrease Java thread stack sizes (-Xss)
#   Set larger code cache with -XX:ReservedCodeCacheSize=
#   JVM is running with Unscaled Compressed Oops mode in which the Java heap is
#     placed in the first 4GB address space. The Java Heap base address is the
#     maximum limit for the native heap growth. Please use -XX:HeapBaseMinAddress
#     to set the Java Heap base and to place the Java Heap above 4GB virtual address.
# This output file may be truncated or incomplete.
#
#  Out of Memory Error (arena.cpp:197), pid=12828, tid=17376
#
# JRE version: OpenJDK Runtime Environment Temurin-11.0.26+4 (11.0.26+4) (build 11.0.26+4)
# Java VM: OpenJDK 64-Bit Server VM Temurin-11.0.26+4 (11.0.26+4, mixed mode, tiered, compressed oops, g1 gc, windows-amd64)
# No core dump will be written. Minidumps are not enabled by default on client versions of Windows
#

---------------  S U M M A R Y ------------

Command Line: -javaagent:C:\Program Files\JetBrains\IntelliJ IDEA Community Edition 2024.3.5\lib\idea_rt.jar=54379 -Dfile.encoding=UTF-8 fr.mosef.scala.template.Main local src/main/resources/rappelconso0.csv src/main/output report1,report2,report3

Host: AMD Athlon Silver 3050U with Radeon Graphics   , 2 cores, 5G,  Windows 11 , 64 bit Build 26100 (10.0.26100.3323)
Time: Sat Apr  5 16:24:08 2025 Paris, Madrid (heure duild 26100 (10.0.26100.3323) elapsed time: 33.168276 seconds (0d 0h 0m 33s)

---------------  T H R E A D  ---------------

Current thread (0x0000015fa0f2f800):  JavaThread "C2 CompilerThread0" daemon [_thread_in_native, id=17376, stack(0x0000003fb4500000,0x0000003fb4600000)]


Current CompileTask:
C2:  33168 9792       4       java.io.ObjectOutputStream::writeClassDesc (60 bytes)

Stack: [0x0000003fb4500000,0x0000003fb4600000]
Native frames: (J=compiled Java code, j=interpreted, Vv=VM code, C=native code)
V  [jvm.dll+0x64485a]
V  [jvm.dll+0x7d7099]
V  [jvm.dll+0x7d8779]
V  [jvm.dll+0x7d8e73]
V  [jvm.dll+0x269095]
V  [jvm.dll+0xc26fc]
V  [jvm.dll+0xc2d0c]
V  [jvm.dll+0x3785f1]
V  [jvm.dll+0x1b30b4]
V  [jvm.dll+0x22138d]
V  [jvm.dll+0x220263]
V  [jvm.dll+0x19dfc1]
V  [jvm.dll+0x230244]
V  [jvm.dll+0x22e63c]
V  [jvm.dll+0x7982f1]
V  [jvm.dll+0x790e54]
V  [jvm.dll+0x643625]
C  [ucrtbase.dll+0x37b0]
C  [KERNEL32.DLL+0x2e8d7]
C  [ntdll.dll+0xbbf6c]


---------------  P R O C E S S  ---------------

Threads class SMR info:
_java_thread_list=0x0000015fa6cc4250, length=108, elements={
0x0000015f83e89000, 0x0000015fa0f07000, 0x0000015fa0f14000, 0x0000015fa18d2800,
0x0000015fa18d3800, 0x0000015fa0f2c800, 0x0000015fa0f2f800, 0x0000015fa0f33000,
0x0000015fa0f49800, 0x0000015fa0e9e000, 0x0000015fa2026000, 0x0000015fa2e79800,
0x0000015fa4a88800, 0x0000015fa5150800, 0x0000015fa3415000, 0x0000015fa4d34800,
0x0000015fa4d35000, 0x0000015fa4d36000, 0x0000015fa5143000, 0x0000015fa2ff4000,
0x0000015fa2ff3800, 0x0000015fa2ff5000, 0x0000015fa2ff2800, 0x0000015fa2ff6000,
0x0000015fa2ff9000, 0x0000015fa2ff7800, 0x0000015fa2ff8800, 0x0000015fa2ff6800,
0x0000015fa66ba800, 0x0000015fa66b9000, 0x0000015fa66b8800, 0x0000015fa66bc800,
0x0000015fa66ba000, 0x0000015fa66bd000, 0x0000015fa66be000, 0x0000015fa66bb800,
0x0000015fa66bf000, 0x0000015fa5200000, 0x0000015fa5201000, 0x0000015fa5204000,
0x0000015fa5203800, 0x0000015fa5202800, 0x0000015fa5202000, 0x0000015fa5207800,
0x0000015fa5206000, 0x0000015fa5205000, 0x0000015fa5206800, 0x0000015fa520a800,
0x0000015fa5208800, 0x0000015fa520b800, 0x0000015fa520d000, 0x0000015fa520e000,
0x0000015fa520f000, 0x0000015fa27e2000, 0x0000015fa27e5800, 0x0000015fa27e3000,
0x0000015fa27e6800, 0x0000015fa27e4000, 0x0000015fa27e4800, 0x0000015fa27e7000,
0x0000015fa27e9800, 0x0000015fa27e8000, 0x0000015fa27eb000, 0x0000015fa27ea800,
0x0000015fa27e8800, 0x0000015fa27ed800, 0x0000015fa27ee800, 0x0000015fa27ed000,
0x0000015fa27ef800, 0x0000015fa27f1000, 0x0000015fad27d800, 0x0000015fad280800,
0x0000015fad27e000, 0x0000015fad281800, 0x0000015fad27f000, 0x0000015fad280000,
0x0000015fad283000, 0x0000015fad282000, 0x0000015fad284000, 0x0000015fa58a3000,
0x0000015fa58a4800, 0x0000015fa58a2000, 0x0000015fa58a5000, 0x0000015fa58a6000,
0x0000015fa58a3800, 0x0000015fa58a7000, 0x0000015fa58a7800, 0x0000015fa58aa000,
0x0000015fa58ab000, 0x0000015fa58a8800, 0x0000015fa58ab800, 0x0000015fa58a9800,
0x0000015fa58af000, 0x0000015fa58ae000, 0x0000015fa58ac800, 0x0000015fa58b0000,
0x0000015fa58ad800, 0x0000015fa58b0800, 0x0000015fa4ebc000, 0x0000015fa4ebd000,
0x0000015fa4eba800, 0x0000015fa4ebb800, 0x0000015fa4ebe800, 0x0000015fa4ebf800,
0x0000015fa4ebe000, 0x0000015fa4ec2000, 0x0000015fa4ec0000, 0x0000015fa4ec2800
}

Java Threads: ( => current thread )
  0x0000015f83e89000 JavaThread "main" [_thread_blocked, id=22888, stack(0x0000003fb3900000,0x0000003fb3a00000)]
  0x0000015fa0f07000 JavaThread "Reference Handler" daemon [_thread_blocked, id=19788, stack(0x0000003fb4000000,0x0000003fb4100000)]
  0x0000015fa0f14000 JavaThread "Finalizer" daemon [_thread_blocked, id=20632, stack(0x0000003fb4100000,0x0000003fb4200000)]
  0x0000015fa18d2800 JavaThread "Signal Dispatcher" daemon [_thread_blocked, id=21324, stack(0x0000003fb4200000,0x0000003fb4300000)]
  0x0000015fa18d3800 JavaThread "Attach Listener" daemon [_thread_blocked, id=21028, stack(0x0000003fb4300000,0x0000003fb4400000)]
  0x0000015fa0f2c800 JavaThread "Service Thread" daemon [_thread_blocked, id=21204, stack(0x0000003fb4400000,0x0000003fb4500000)]
=>0x0000015fa0f2f800 JavaThread "C2 CompilerThread0" daemon [_thread_in_native, id=17376, stack(0x0000003fb4500000,0x0000003fb4600000)]
  0x0000015fa0f33000 JavaThread "C1 CompilerThread0" daemon [_thread_blocked, id=22676, stack(0x0000003fb4600000,0x0000003fb4700000)]
  0x0000015fa0f49800 JavaThread "Sweeper thread" daemon [_thread_blocked, id=18692, stack(0x0000003fb4700000,0x0000003fb4800000)]
  0x0000015fa0e9e000 JavaThread "Common-Cleaner" daemon [_thread_blocked, id=10140, stack(0x0000003fb4800000,0x0000003fb4900000)]
  0x0000015fa2026000 JavaThread "Monitor Ctrl-Break" daemon [_thread_in_native, id=22012, stack(0x0000003fb4a00000,0x0000003fb4b00000)]
  0x0000015fa2e79800 JavaThread "rpc-boss-3-1" daemon [_thread_in_native, id=15572, stack(0x0000003fb4c00000,0x0000003fb4d00000)]
  0x0000015fa4a88800 JavaThread "dispatcher-event-loop-0" daemon [_thread_blocked, id=4508, stack(0x0000003fb4d00000,0x0000003fb4e00000)]
  0x0000015fa5150800 JavaThread "dispatcher-event-loop-1" daemon [_thread_blocked, id=21036, stack(0x0000003fb4e00000,0x0000003fb4f00000)]
  0x0000015fa3415000 JavaThread "map-output-dispatcher-0" daemon [_thread_blocked, id=4880, stack(0x0000003fb4f00000,0x0000003fb5000000)]
  0x0000015fa4d34800 JavaThread "map-output-dispatcher-1" daemon [_thread_blocked, id=22168, stack(0x0000003fb5000000,0x0000003fb5100000)]
  0x0000015fa4d35000 JavaThread "map-output-dispatcher-2" daemon [_thread_blocked, id=14812, stack(0x0000003fb5100000,0x0000003fb5200000)]
  0x0000015fa4d36000 JavaThread "map-output-dispatcher-3" daemon [_thread_blocked, id=5000, stack(0x0000003fb5200000,0x0000003fb5300000)]
  0x0000015fa5143000 JavaThread "map-output-dispatcher-4" daemon [_thread_blocked, id=13600, stack(0x0000003fb5300000,0x0000003fb5400000)]
  0x0000015fa2ff4000 JavaThread "map-output-dispatcher-5" daemon [_thread_blocked, id=18564, stack(0x0000003fb5400000,0x0000003fb5500000)]
  0x0000015fa2ff3800 JavaThread "map-output-dispatcher-6" daemon [_thread_blocked, id=4384, stack(0x0000003fb5500000,0x0000003fb5600000)]
  0x0000015fa2ff5000 JavaThread "map-output-dispatcher-7" daemon [_thread_blocked, id=20472, stack(0x0000003fb5600000,0x0000003fb5700000)]
  0x0000015fa2ff2800 JavaThread "dispatcher-BlockManagerMaster" daemon [_thread_blocked, id=19904, stack(0x0000003fb5700000,0x0000003fb5800000)]
  0x0000015fa2ff6000 JavaThread "dispatcher-BlockManagerEndpoint1" daemon [_thread_blocked, id=23172, stack(0x0000003fb5800000,0x0000003fb5900000)]
  0x0000015fa2ff9000 JavaThread "RemoteBlock-temp-file-clean-thread" daemon [_thread_blocked, id=22504, stack(0x0000003fb5900000,0x0000003fb5a00000)]
  0x0000015fa2ff7800 JavaThread "SparkUI-29" daemon [_thread_in_native, id=14056, stack(0x0000003fb5a00000,0x0000003fb5b00000)]
  0x0000015fa2ff8800 JavaThread "SparkUI-30-acceptor-0@46968e2f-ServerConnector@4851688d{HTTP/1.1, (http/1.1)}{0.0.0.0:4040}" daemon [_thread_in_native, id=18740, stack(0x0000003fb5b00000,0x0000003fb5c00000)]
  0x0000015fa2ff6800 JavaThread "SparkUI-31" daemon [_thread_blocked, id=17680, stack(0x0000003fb5c00000,0x0000003fb5d00000)]
  0x0000015fa66ba800 JavaThread "SparkUI-32" daemon [_thread_blocked, id=10688, stack(0x0000003fb5d00000,0x0000003fb5e00000)]
  0x0000015fa66b9000 JavaThread "SparkUI-33" daemon [_thread_blocked, id=15040, stack(0x0000003fb5e00000,0x0000003fb5f00000)]
  0x0000015fa66b8800 JavaThread "SparkUI-34" daemon [_thread_blocked, id=6616, stack(0x0000003fb5f00000,0x0000003fb6000000)]
  0x0000015fa66bc800 JavaThread "SparkUI-35" daemon [_thread_blocked, id=18664, stack(0x0000003fb6000000,0x0000003fb6100000)]
  0x0000015fa66ba000 JavaThread "SparkUI-36" daemon [_thread_blocked, id=11400, stack(0x0000003fb6100000,0x0000003fb6200000)]
  0x0000015fa66bd000 JavaThread "dispatcher-HeartbeatReceiver" daemon [_thread_blocked, id=6156, stack(0x0000003fb6200000,0x0000003fb6300000)]
  0x0000015fa66be000 JavaThread "heartbeat-receiver-event-loop-thread" daemon [_thread_blocked, id=23440, stack(0x0000003fb6300000,0x0000003fb6400000)]
  0x0000015fa66bb800 JavaThread "task-starvation-timer" daemon [_thread_blocked, id=17236, stack(0x0000003fb6400000,0x0000003fb6500000)]
  0x0000015fa66bf000 JavaThread "task-abort-timer" daemon [_thread_blocked, id=23376, stack(0x0000003fb6500000,0x0000003fb6600000)]
  0x0000015fa5200000 JavaThread "netty-rpc-env-timeout" daemon [_thread_blocked, id=22912, stack(0x0000003fb6600000,0x0000003fb6700000)]
  0x0000015fa5201000 JavaThread "dag-scheduler-event-loop" daemon [_thread_blocked, id=3880, stack(0x0000003fb6700000,0x0000003fb6800000)]
  0x0000015fa5204000 JavaThread "driver-heartbeater" daemon [_thread_blocked, id=23448, stack(0x0000003fb6800000,0x0000003fb6900000)]
  0x0000015fa5203800 JavaThread "executor-kill-mark-cleanup" daemon [_thread_blocked, id=22052, stack(0x0000003fb6900000,0x0000003fb6a00000)]
  0x0000015fa5202800 JavaThread "executor-heartbeater" daemon [_thread_blocked, id=20496, stack(0x0000003fb6a00000,0x0000003fb6b00000)]
  0x0000015fa5202000 JavaThread "shuffle-boss-6-1" daemon [_thread_in_native, id=20712, stack(0x0000003fb6b00000,0x0000003fb6c00000)]
  0x0000015fa5207800 JavaThread "Spark Context Cleaner" daemon [_thread_blocked, id=21600, stack(0x0000003fb6c00000,0x0000003fb6d00000)]
  0x0000015fa5206000 JavaThread "context-cleaner-periodic-gc" daemon [_thread_blocked, id=23416, stack(0x0000003fb6d00000,0x0000003fb6e00000)]
  0x0000015fa5205000 JavaThread "spark-listener-group-appStatus" daemon [_thread_blocked, id=22596, stack(0x0000003fb6e00000,0x0000003fb6f00000)]
  0x0000015fa5206800 JavaThread "spark-listener-group-executorManagement" daemon [_thread_blocked, id=22400, stack(0x0000003fb6f00000,0x0000003fb7000000)]
  0x0000015fa520a800 JavaThread "element-tracking-store-worker" daemon [_thread_blocked, id=16732, stack(0x0000003fb7000000,0x0000003fb7100000)]
  0x0000015fa5208800 JavaThread "spark-listener-group-shared" daemon [_thread_blocked, id=23068, stack(0x0000003fb7100000,0x0000003fb7200000)]
  0x0000015fa520b800 JavaThread "org.apache.hadoop.fs.FileSystem$Statistics$StatisticsDataReferenceCleaner" daemon [_thread_blocked, id=15912, stack(0x0000003fb7200000,0x0000003fb7300000)]
  0x0000015fa520d000 JavaThread "Executor task launch worker for task 0.0 in stage 12.0 (TID 7)" daemon [_thread_in_native, id=6992, stack(0x0000003fb7300000,0x0000003fb7400000)]
  0x0000015fa520e000 JavaThread "task-result-getter-0" daemon [_thread_blocked, id=264, stack(0x0000003fb7400000,0x0000003fb7500000)]
  0x0000015fa520f000 JavaThread "block-manager-storage-async-thread-pool-0" daemon [_thread_blocked, id=18500, stack(0x0000003fb7500000,0x0000003fb7600000)]
  0x0000015fa27e2000 JavaThread "block-manager-storage-async-thread-pool-1" daemon [_thread_blocked, id=19780, stack(0x0000003fb7600000,0x0000003fb7700000)]
  0x0000015fa27e5800 JavaThread "block-manager-storage-async-thread-pool-2" daemon [_thread_blocked, id=18136, stack(0x0000003fb7700000,0x0000003fb7800000)]
  0x0000015fa27e3000 JavaThread "block-manager-ask-thread-pool-0" daemon [_thread_blocked, id=18888, stack(0x0000003fb7800000,0x0000003fb7900000)]
  0x0000015fa27e6800 JavaThread "block-manager-ask-thread-pool-1" daemon [_thread_blocked, id=19084, stack(0x0000003fb7900000,0x0000003fb7a00000)]
  0x0000015fa27e4000 JavaThread "task-result-getter-1" daemon [_thread_blocked, id=14820, stack(0x0000003fb7a00000,0x0000003fb7b00000)]
  0x0000015fa27e4800 JavaThread "block-manager-storage-async-thread-pool-3" daemon [_thread_blocked, id=23152, stack(0x0000003fb7b00000,0x0000003fb7c00000)]
  0x0000015fa27e7000 JavaThread "block-manager-storage-async-thread-pool-4" daemon [_thread_blocked, id=20800, stack(0x0000003fb7c00000,0x0000003fb7d00000)]
  0x0000015fa27e9800 JavaThread "block-manager-storage-async-thread-pool-5" daemon [_thread_blocked, id=16820, stack(0x0000003fb7d00000,0x0000003fb7e00000)]
  0x0000015fa27e8000 JavaThread "block-manager-ask-thread-pool-2" daemon [_thread_blocked, id=22808, stack(0x0000003fb7e00000,0x0000003fb7f00000)]
  0x0000015fa27eb000 JavaThread "block-manager-ask-thread-pool-3" daemon [_thread_blocked, id=20244, stack(0x0000003fb7f00000,0x0000003fb8000000)]
  0x0000015fa27ea800 JavaThread "block-manager-storage-async-thread-pool-6" daemon [_thread_blocked, id=18884, stack(0x0000003fb8000000,0x0000003fb8100000)]
  0x0000015fa27e8800 JavaThread "block-manager-storage-async-thread-pool-7" daemon [_thread_blocked, id=16712, stack(0x0000003fb8100000,0x0000003fb8200000)]
  0x0000015fa27ed800 JavaThread "block-manager-storage-async-thread-pool-8" daemon [_thread_blocked, id=6472, stack(0x0000003fb8200000,0x0000003fb8300000)]
  0x0000015fa27ee800 JavaThread "block-manager-ask-thread-pool-4" daemon [_thread_blocked, id=20500, stack(0x0000003fb8300000,0x0000003fb8400000)]
  0x0000015fa27ed000 JavaThread "block-manager-ask-thread-pool-5" daemon [_thread_blocked, id=23024, stack(0x0000003fb8400000,0x0000003fb8500000)]
  0x0000015fa27ef800 JavaThread "task-result-getter-2" daemon [_thread_blocked, id=6632, stack(0x0000003fb8500000,0x0000003fb8600000)]
  0x0000015fa27f1000 JavaThread "QueryStageCreator-0" daemon [_thread_blocked, id=9004, stack(0x0000003fb8600000,0x0000003fb8700000)]
  0x0000015fad27d800 JavaThread "task-result-getter-3" daemon [_thread_blocked, id=17628, stack(0x0000003fb8700000,0x0000003fb8800000)]
  0x0000015fad280800 JavaThread "block-manager-storage-async-thread-pool-9" daemon [_thread_blocked, id=19936, stack(0x0000003fb8800000,0x0000003fb8900000)]
  0x0000015fad27e000 JavaThread "block-manager-storage-async-thread-pool-10" daemon [_thread_blocked, id=7928, stack(0x0000003fb8900000,0x0000003fb8a00000)]
  0x0000015fad281800 JavaThread "block-manager-storage-async-thread-pool-11" daemon [_thread_blocked, id=19188, stack(0x0000003fb8a00000,0x0000003fb8b00000)]
  0x0000015fad27f000 JavaThread "block-manager-ask-thread-pool-6" daemon [_thread_blocked, id=10916, stack(0x0000003fb8b00000,0x0000003fb8c00000)]
  0x0000015fad280000 JavaThread "block-manager-ask-thread-pool-7" daemon [_thread_blocked, id=21832, stack(0x0000003fb8c00000,0x0000003fb8d00000)]
  0x0000015fad283000 JavaThread "block-manager-storage-async-thread-pool-12" daemon [_thread_blocked, id=13368, stack(0x0000003fb8d00000,0x0000003fb8e00000)]
  0x0000015fad282000 JavaThread "block-manager-storage-async-thread-pool-13" daemon [_thread_blocked, id=9280, stack(0x0000003fb8e00000,0x0000003fb8f00000)]
  0x0000015fad284000 JavaThread "block-manager-storage-async-thread-pool-14" daemon [_thread_blocked, id=17540, stack(0x0000003fb8f00000,0x0000003fb9000000)]
  0x0000015fa58a3000 JavaThread "block-manager-ask-thread-pool-8" daemon [_thread_blocked, id=21240, stack(0x0000003fb9000000,0x0000003fb9100000)]
  0x0000015fa58a4800 JavaThread "block-manager-ask-thread-pool-9" daemon [_thread_blocked, id=21524, stack(0x0000003fb9100000,0x0000003fb9200000)]
  0x0000015fa58a2000 JavaThread "block-manager-storage-async-thread-pool-15" daemon [_thread_blocked, id=17844, stack(0x0000003fb9200000,0x0000003fb9300000)]
  0x0000015fa58a5000 JavaThread "block-manager-storage-async-thread-pool-16" daemon [_thread_blocked, id=17040, stack(0x0000003fb9300000,0x0000003fb9400000)]
  0x0000015fa58a6000 JavaThread "block-manager-storage-async-thread-pool-17" daemon [_thread_blocked, id=21568, stack(0x0000003fb9400000,0x0000003fb9500000)]
  0x0000015fa58a3800 JavaThread "block-manager-ask-thread-pool-10" daemon [_thread_blocked, id=23260, stack(0x0000003fb9500000,0x0000003fb9600000)]
  0x0000015fa58a7000 JavaThread "block-manager-ask-thread-pool-11" daemon [_thread_blocked, id=17240, stack(0x0000003fb9600000,0x0000003fb9700000)]
  0x0000015fa58a7800 JavaThread "block-manager-storage-async-thread-pool-18" daemon [_thread_blocked, id=2732, stack(0x0000003fb9700000,0x0000003fb9800000)]
  0x0000015fa58aa000 JavaThread "block-manager-storage-async-thread-pool-19" daemon [_thread_blocked, id=23196, stack(0x0000003fb9800000,0x0000003fb9900000)]
  0x0000015fa58ab000 JavaThread "block-manager-storage-async-thread-pool-20" daemon [_thread_blocked, id=13216, stack(0x0000003fb9900000,0x0000003fb9a00000)]
  0x0000015fa58a8800 JavaThread "block-manager-ask-thread-pool-12" daemon [_thread_blocked, id=21276, stack(0x0000003fb9a00000,0x0000003fb9b00000)]
  0x0000015fa58ab800 JavaThread "block-manager-ask-thread-pool-13" daemon [_thread_blocked, id=13864, stack(0x0000003fb9b00000,0x0000003fb9c00000)]
  0x0000015fa58a9800 JavaThread "QueryStageCreator-1" daemon [_thread_blocked, id=16396, stack(0x0000003fb9c00000,0x0000003fb9d00000)]
  0x0000015fa58af000 JavaThread "block-manager-storage-async-thread-pool-21" daemon [_thread_blocked, id=17168, stack(0x0000003fb9d00000,0x0000003fb9e00000)]
  0x0000015fa58ae000 JavaThread "block-manager-storage-async-thread-pool-22" daemon [_thread_blocked, id=3068, stack(0x0000003fb9e00000,0x0000003fb9f00000)]
  0x0000015fa58ac800 JavaThread "block-manager-storage-async-thread-pool-23" daemon [_thread_blocked, id=22588, stack(0x0000003fb9f00000,0x0000003fba000000)]
  0x0000015fa58b0000 JavaThread "block-manager-ask-thread-pool-14" daemon [_thread_blocked, id=19644, stack(0x0000003fba000000,0x0000003fba100000)]
  0x0000015fa58ad800 JavaThread "block-manager-ask-thread-pool-15" daemon [_thread_blocked, id=22812, stack(0x0000003fba100000,0x0000003fba200000)]
  0x0000015fa58b0800 JavaThread "block-manager-storage-async-thread-pool-24" daemon [_thread_blocked, id=19280, stack(0x0000003fba200000,0x0000003fba300000)]
  0x0000015fa4ebc000 JavaThread "block-manager-storage-async-thread-pool-25" daemon [_thread_blocked, id=22828, stack(0x0000003fba300000,0x0000003fba400000)]
  0x0000015fa4ebd000 JavaThread "block-manager-storage-async-thread-pool-26" daemon [_thread_blocked, id=7972, stack(0x0000003fba400000,0x0000003fba500000)]
  0x0000015fa4eba800 JavaThread "block-manager-ask-thread-pool-16" daemon [_thread_blocked, id=14508, stack(0x0000003fba500000,0x0000003fba600000)]
  0x0000015fa4ebb800 JavaThread "block-manager-ask-thread-pool-17" daemon [_thread_blocked, id=14960, stack(0x0000003fba600000,0x0000003fba700000)]
  0x0000015fa4ebe800 JavaThread "QueryStageCreator-2" daemon [_thread_blocked, id=21084, stack(0x0000003fba700000,0x0000003fba800000)]
  0x0000015fa4ebf800 JavaThread "block-manager-storage-async-thread-pool-27" daemon [_thread_blocked, id=372, stack(0x0000003fba800000,0x0000003fba900000)]
  0x0000015fa4ebe000 JavaThread "block-manager-storage-async-thread-pool-28" daemon [_thread_blocked, id=4524, stack(0x0000003fba900000,0x0000003fbaa00000)]
  0x0000015fa4ec2000 JavaThread "block-manager-storage-async-thread-pool-29" daemon [_thread_blocked, id=22668, stack(0x0000003fbaa00000,0x0000003fbab00000)]
  0x0000015fa4ec0000 JavaThread "block-manager-ask-thread-pool-18" daemon [_thread_blocked, id=5288, stack(0x0000003fbab00000,0x0000003fbac00000)]
  0x0000015fa4ec2800 JavaThread "block-manager-ask-thread-pool-19" daemon [_thread_blocked, id=20708, stack(0x0000003fbad00000,0x0000003fbae00000)]

Other Threads:
  0x0000015fa0ee2000 VMThread "VM Thread" [stack: 0x0000003fb3f00000,0x0000003fb4000000] [id=17836]
  0x0000015fa2154800 WatcherThread [stack: 0x0000003fb4b00000,0x0000003fb4c00000] [id=7028]
  0x0000015f83ea1000 GCTaskThread "GC Thread#0" [stack: 0x0000003fb3a00000,0x0000003fb3b00000] [id=22680]
  0x0000015fa1cdc000 GCTaskThread "GC Thread#1" [stack: 0x0000003fb4900000,0x0000003fb4a00000] [id=6116]
  0x0000015f83ec7800 ConcurrentGCThread "G1 Main Marker" [stack: 0x0000003fb3b00000,0x0000003fb3c00000] [id=22604]
  0x0000015f83eca000 ConcurrentGCThread "G1 Conc#0" [stack: 0x0000003fb3c00000,0x0000003fb3d00000] [id=17584]
  0x0000015f83f35000 ConcurrentGCThread "G1 Refine#0" [stack: 0x0000003fb3d00000,0x0000003fb3e00000] [id=3736]
  0x0000015f83f36800 ConcurrentGCThread "G1 Young RemSet Sampling" [stack: 0x0000003fb3e00000,0x0000003fb3f00000] [id=21876]

Threads with active compile tasks:
C2 CompilerThread0    33229 9792       4       java.io.ObjectOutputStream::writeClassDesc (60 bytes)

VM state:not at safepoint (normal execution)

VM Mutex/Monitor currently owned by a thread: None

Heap address: 0x00000000a1e00000, size: 1506 MB, Compressed Oops mode: 32-bit
Narrow klass base: 0x0000000000000000, Narrow klass shift: 3
Compressed class space size: 1073741824 Address: 0x0000000100000000

Heap:
 garbage-first heap   total 143360K, used 75004K [0x00000000a1e00000, 0x0000000100000000)
  region size 1024K, 11 young (11264K), 2 survivors (2048K)
 Metaspace       used 128245K, capacity 135266K, committed 135592K, reserved 1163264K
  class space    used 17668K, capacity 21209K, committed 21336K, reserved 1048576K
Heap Regions: E=young(eden), S=young(survivor), O=old, HS=humongous(starts), HC=humongous(continues), CS=collection set, F=free, A=archive, TAMS=top-at-mark-start (previous, next)
|   0|0x00000000a1e00000, 0x00000000a1f00000, 0x00000000a1f00000|100%|HS|  |TAMS 0x00000000a1f00000, 0x00000000a1e00000| Complete 
|   1|0x00000000a1f00000, 0x00000000a2000000, 0x00000000a2000000|100%|HS|  |TAMS 0x00000000a2000000, 0x00000000a1f00000| Complete 
|   2|0x00000000a2000000, 0x00000000a2100000, 0x00000000a2100000|100%|HC|  |TAMS 0x00000000a2100000, 0x00000000a2000000| Complete 
|   3|0x00000000a2100000, 0x00000000a2200000, 0x00000000a2200000|100%|HS|  |TAMS 0x00000000a2200000, 0x00000000a2100000| Complete 
|   4|0x00000000a2200000, 0x00000000a2300000, 0x00000000a2300000|100%|HC|  |TAMS 0x00000000a2300000, 0x00000000a2200000| Complete 
|   5|0x00000000a2300000, 0x00000000a2400000, 0x00000000a2400000|100%|HC|  |TAMS 0x00000000a2400000, 0x00000000a2300000| Complete 
|   6|0x00000000a2400000, 0x00000000a2500000, 0x00000000a2500000|100%| O|  |TAMS 0x00000000a2500000, 0x00000000a2400000| Untracked 
|   7|0x00000000a2500000, 0x00000000a2600000, 0x00000000a2600000|100%| O|  |TAMS 0x00000000a2600000, 0x00000000a2500000| Untracked 
|   8|0x00000000a2600000, 0x00000000a2700000, 0x00000000a2700000|100%| O|  |TAMS 0x00000000a2700000, 0x00000000a2600000| Untracked 
|   9|0x00000000a2700000, 0x00000000a2800000, 0x00000000a2800000|100%| O|  |TAMS 0x00000000a2800000, 0x00000000a2700000| Untracked 
|  10|0x00000000a2800000, 0x00000000a2900000, 0x00000000a2900000|100%|HS|  |TAMS 0x00000000a2900000, 0x00000000a2800000| Complete 
|  11|0x00000000a2900000, 0x00000000a2a00000, 0x00000000a2a00000|100%|HS|  |TAMS 0x00000000a2a00000, 0x00000000a2900000| Complete 
|  12|0x00000000a2a00000, 0x00000000a2b00000, 0x00000000a2b00000|100%|HS|  |TAMS 0x00000000a2b00000, 0x00000000a2a00000| Complete 
|  13|0x00000000a2b00000, 0x00000000a2c00000, 0x00000000a2c00000|100%| O|  |TAMS 0x00000000a2c00000, 0x00000000a2b00000| Untracked 
|  14|0x00000000a2c00000, 0x00000000a2d00000, 0x00000000a2d00000|100%| O|  |TAMS 0x00000000a2d00000, 0x00000000a2c00000| Untracked 
|  15|0x00000000a2d00000, 0x00000000a2e00000, 0x00000000a2e00000|100%| O|  |TAMS 0x00000000a2e00000, 0x00000000a2d00000| Untracked 
|  16|0x00000000a2e00000, 0x00000000a2f00000, 0x00000000a2f00000|100%| O|  |TAMS 0x00000000a2f00000, 0x00000000a2e00000| Untracked 
|  17|0x00000000a2f00000, 0x00000000a3000000, 0x00000000a3000000|100%| O|  |TAMS 0x00000000a3000000, 0x00000000a2f00000| Untracked 
|  18|0x00000000a3000000, 0x00000000a3100000, 0x00000000a3100000|100%| O|  |TAMS 0x00000000a3100000, 0x00000000a3000000| Untracked 
|  19|0x00000000a3100000, 0x00000000a3200000, 0x00000000a3200000|100%| O|  |TAMS 0x00000000a3200000, 0x00000000a3100000| Untracked 
|  20|0x00000000a3200000, 0x00000000a3300000, 0x00000000a3300000|100%| O|  |TAMS 0x00000000a3300000, 0x00000000a3200000| Untracked 
|  21|0x00000000a3300000, 0x00000000a3400000, 0x00000000a3400000|100%| O|  |TAMS 0x00000000a3400000, 0x00000000a3300000| Untracked 
|  22|0x00000000a3400000, 0x00000000a3500000, 0x00000000a3500000|100%| O|  |TAMS 0x00000000a3500000, 0x00000000a3400000| Untracked 
|  23|0x00000000a3500000, 0x00000000a3600000, 0x00000000a3600000|100%| O|  |TAMS 0x00000000a3600000, 0x00000000a3500000| Untracked 
|  24|0x00000000a3600000, 0x00000000a3700000, 0x00000000a3700000|100%| O|  |TAMS 0x00000000a3700000, 0x00000000a3600000| Untracked 
|  25|0x00000000a3700000, 0x00000000a3800000, 0x00000000a3800000|100%| O|  |TAMS 0x00000000a3800000, 0x00000000a3700000| Untracked 
|  26|0x00000000a3800000, 0x00000000a3900000, 0x00000000a3900000|100%| O|  |TAMS 0x00000000a3900000, 0x00000000a3800000| Untracked 
|  27|0x00000000a3900000, 0x00000000a3a00000, 0x00000000a3a00000|100%| O|  |TAMS 0x00000000a3a00000, 0x00000000a3900000| Untracked 
|  28|0x00000000a3a00000, 0x00000000a3b00000, 0x00000000a3b00000|100%| O|  |TAMS 0x00000000a3b00000, 0x00000000a3a00000| Untracked 
|  29|0x00000000a3b00000, 0x00000000a3c00000, 0x00000000a3c00000|100%| O|  |TAMS 0x00000000a3c00000, 0x00000000a3b00000| Untracked 
|  30|0x00000000a3c00000, 0x00000000a3d00000, 0x00000000a3d00000|100%| O|  |TAMS 0x00000000a3d00000, 0x00000000a3c00000| Untracked 
|  31|0x00000000a3d00000, 0x00000000a3e00000, 0x00000000a3e00000|100%| O|  |TAMS 0x00000000a3e00000, 0x00000000a3d00000| Untracked 
|  32|0x00000000a3e00000, 0x00000000a3f00000, 0x00000000a3f00000|100%| O|  |TAMS 0x00000000a3f00000, 0x00000000a3e00000| Untracked 
|  33|0x00000000a3f00000, 0x00000000a4000000, 0x00000000a4000000|100%| O|  |TAMS 0x00000000a4000000, 0x00000000a3f00000| Untracked 
|  34|0x00000000a4000000, 0x00000000a4100000, 0x00000000a4100000|100%| O|  |TAMS 0x00000000a4100000, 0x00000000a4000000| Untracked 
|  35|0x00000000a4100000, 0x00000000a4200000, 0x00000000a4200000|100%| O|  |TAMS 0x00000000a4200000, 0x00000000a4100000| Untracked 
|  36|0x00000000a4200000, 0x00000000a4300000, 0x00000000a4300000|100%| O|  |TAMS 0x00000000a4300000, 0x00000000a4200000| Untracked 
|  37|0x00000000a4300000, 0x00000000a4400000, 0x00000000a4400000|100%| O|  |TAMS 0x00000000a4400000, 0x00000000a4300000| Untracked 
|  38|0x00000000a4400000, 0x00000000a4500000, 0x00000000a4500000|100%| O|  |TAMS 0x00000000a4500000, 0x00000000a4400000| Untracked 
|  39|0x00000000a4500000, 0x00000000a4600000, 0x00000000a4600000|100%| O|  |TAMS 0x00000000a4600000, 0x00000000a4500000| Untracked 
|  40|0x00000000a4600000, 0x00000000a4700000, 0x00000000a4700000|100%| O|  |TAMS 0x00000000a4700000, 0x00000000a4600000| Untracked 
|  41|0x00000000a4700000, 0x00000000a4800000, 0x00000000a4800000|100%| O|  |TAMS 0x00000000a4800000, 0x00000000a4700000| Untracked 
|  42|0x00000000a4800000, 0x00000000a4900000, 0x00000000a4900000|100%| O|  |TAMS 0x00000000a4900000, 0x00000000a4800000| Untracked 
|  43|0x00000000a4900000, 0x00000000a4a00000, 0x00000000a4a00000|100%| O|  |TAMS 0x00000000a4a00000, 0x00000000a4900000| Untracked 
|  44|0x00000000a4a00000, 0x00000000a4b00000, 0x00000000a4b00000|100%| O|  |TAMS 0x00000000a4b00000, 0x00000000a4a00000| Untracked 
|  45|0x00000000a4b00000, 0x00000000a4c00000, 0x00000000a4c00000|100%|HS|  |TAMS 0x00000000a4c00000, 0x00000000a4b00000| Complete 
|  46|0x00000000a4c00000, 0x00000000a4d00000, 0x00000000a4d00000|100%|HC|  |TAMS 0x00000000a4d00000, 0x00000000a4c00000| Complete 
|  47|0x00000000a4d00000, 0x00000000a4e00000, 0x00000000a4e00000|100%|HC|  |TAMS 0x00000000a4e00000, 0x00000000a4d00000| Complete 
|  48|0x00000000a4e00000, 0x00000000a4f00000, 0x00000000a4f00000|100%|HC|  |TAMS 0x00000000a4f00000, 0x00000000a4e00000| Complete 
|  49|0x00000000a4f00000, 0x00000000a5000000, 0x00000000a5000000|100%| O|  |TAMS 0x00000000a5000000, 0x00000000a4f00000| Untracked 
|  50|0x00000000a5000000, 0x00000000a503f200, 0x00000000a5100000| 24%| O|  |TAMS 0x00000000a503f200, 0x00000000a5000000| Untracked 
|  51|0x00000000a5100000, 0x00000000a5100000, 0x00000000a5200000|  0%| F|  |TAMS 0x00000000a5100000, 0x00000000a5100000| Untracked 
|  52|0x00000000a5200000, 0x00000000a5200000, 0x00000000a5300000|  0%| F|  |TAMS 0x00000000a5200000, 0x00000000a5200000| Untracked 
|  53|0x00000000a5300000, 0x00000000a5400000, 0x00000000a5400000|100%| O|  |TAMS 0x00000000a5400000, 0x00000000a5300000| Untracked 
|  54|0x00000000a5400000, 0x00000000a5500000, 0x00000000a5500000|100%| O|  |TAMS 0x00000000a5500000, 0x00000000a5400000| Untracked 
|  55|0x00000000a5500000, 0x00000000a5600000, 0x00000000a5600000|100%| O|  |TAMS 0x00000000a5600000, 0x00000000a5500000| Untracked 
|  56|0x00000000a5600000, 0x00000000a5600000, 0x00000000a5700000|  0%| F|  |TAMS 0x00000000a5600000, 0x00000000a5600000| Untracked 
|  57|0x00000000a5700000, 0x00000000a5700000, 0x00000000a5800000|  0%| F|  |TAMS 0x00000000a5700000, 0x00000000a5700000| Untracked 
|  58|0x00000000a5800000, 0x00000000a5800000, 0x00000000a5900000|  0%| F|  |TAMS 0x00000000a5800000, 0x00000000a5800000| Untracked 
|  59|0x00000000a5900000, 0x00000000a5a00000, 0x00000000a5a00000|100%|HS|  |TAMS 0x00000000a5a00000, 0x00000000a5900000| Complete 
|  60|0x00000000a5a00000, 0x00000000a5b00000, 0x00000000a5b00000|100%|HC|  |TAMS 0x00000000a5b00000, 0x00000000a5a00000| Complete 
|  61|0x00000000a5b00000, 0x00000000a5c00000, 0x00000000a5c00000|100%|HC|  |TAMS 0x00000000a5c00000, 0x00000000a5b00000| Complete 
|  62|0x00000000a5c00000, 0x00000000a5d00000, 0x00000000a5d00000|100%|HC|  |TAMS 0x00000000a5d00000, 0x00000000a5c00000| Complete 
|  63|0x00000000a5d00000, 0x00000000a5e00000, 0x00000000a5e00000|100%| O|  |TAMS 0x00000000a5e00000, 0x00000000a5d00000| Untracked 
|  64|0x00000000a5e00000, 0x00000000a5f00000, 0x00000000a5f00000|100%|HS|  |TAMS 0x00000000a5e00000, 0x00000000a5e00000| Complete 
|  65|0x00000000a5f00000, 0x00000000a6000000, 0x00000000a6000000|100%|HC|  |TAMS 0x00000000a5f00000, 0x00000000a5f00000| Complete 
|  66|0x00000000a6000000, 0x00000000a6100000, 0x00000000a6100000|100%|HC|  |TAMS 0x00000000a6000000, 0x00000000a6000000| Complete 
|  67|0x00000000a6100000, 0x00000000a6200000, 0x00000000a6200000|100%|HC|  |TAMS 0x00000000a6100000, 0x00000000a6100000| Complete 
|  68|0x00000000a6200000, 0x00000000a6300000, 0x00000000a6300000|100%|HC|  |TAMS 0x00000000a6200000, 0x00000000a6200000| Complete 
|  69|0x00000000a6300000, 0x00000000a6300000, 0x00000000a6400000|  0%| F|  |TAMS 0x00000000a6300000, 0x00000000a6300000| Untracked 
|  70|0x00000000a6400000, 0x00000000a6400000, 0x00000000a6500000|  0%| F|  |TAMS 0x00000000a6400000, 0x00000000a6400000| Untracked 
|  71|0x00000000a6500000, 0x00000000a6500000, 0x00000000a6600000|  0%| F|  |TAMS 0x00000000a6500000, 0x00000000a6500000| Untracked 
|  72|0x00000000a6600000, 0x00000000a6600000, 0x00000000a6700000|  0%| F|  |TAMS 0x00000000a6600000, 0x00000000a6600000| Untracked 
|  73|0x00000000a6700000, 0x00000000a6700000, 0x00000000a6800000|  0%| F|  |TAMS 0x00000000a6700000, 0x00000000a6700000| Untracked 
|  74|0x00000000a6800000, 0x00000000a6800000, 0x00000000a6900000|  0%| F|  |TAMS 0x00000000a6800000, 0x00000000a6800000| Untracked 
|  75|0x00000000a6900000, 0x00000000a6900000, 0x00000000a6a00000|  0%| F|  |TAMS 0x00000000a6900000, 0x00000000a6900000| Untracked 
|  76|0x00000000a6a00000, 0x00000000a6a00000, 0x00000000a6b00000|  0%| F|  |TAMS 0x00000000a6a00000, 0x00000000a6a00000| Untracked 
|  77|0x00000000a6b00000, 0x00000000a6b00000, 0x00000000a6c00000|  0%| F|  |TAMS 0x00000000a6b00000, 0x00000000a6b00000| Untracked 
|  78|0x00000000a6c00000, 0x00000000a6c00000, 0x00000000a6d00000|  0%| F|  |TAMS 0x00000000a6c00000, 0x00000000a6c00000| Untracked 
|  79|0x00000000a6d00000, 0x00000000a6d00000, 0x00000000a6e00000|  0%| F|  |TAMS 0x00000000a6d00000, 0x00000000a6d00000| Untracked 
|  80|0x00000000a6e00000, 0x00000000a6e00000, 0x00000000a6f00000|  0%| F|  |TAMS 0x00000000a6e00000, 0x00000000a6e00000| Untracked 
|  81|0x00000000a6f00000, 0x00000000a6f00000, 0x00000000a7000000|  0%| F|  |TAMS 0x00000000a6f00000, 0x00000000a6f00000| Untracked 
|  82|0x00000000a7000000, 0x00000000a7000000, 0x00000000a7100000|  0%| F|  |TAMS 0x00000000a7000000, 0x00000000a7000000| Untracked 
|  83|0x00000000a7100000, 0x00000000a7100000, 0x00000000a7200000|  0%| F|  |TAMS 0x00000000a7100000, 0x00000000a7100000| Untracked 
|  84|0x00000000a7200000, 0x00000000a7200000, 0x00000000a7300000|  0%| F|  |TAMS 0x00000000a7200000, 0x00000000a7200000| Untracked 
|  85|0x00000000a7300000, 0x00000000a7300000, 0x00000000a7400000|  0%| F|  |TAMS 0x00000000a7300000, 0x00000000a7300000| Untracked 
|  86|0x00000000a7400000, 0x00000000a7400000, 0x00000000a7500000|  0%| F|  |TAMS 0x00000000a7400000, 0x00000000a7400000| Untracked 
|  87|0x00000000a7500000, 0x00000000a7500000, 0x00000000a7600000|  0%| F|  |TAMS 0x00000000a7500000, 0x00000000a7500000| Untracked 
|  88|0x00000000a7600000, 0x00000000a7600000, 0x00000000a7700000|  0%| F|  |TAMS 0x00000000a7600000, 0x00000000a7600000| Untracked 
|  89|0x00000000a7700000, 0x00000000a7700000, 0x00000000a7800000|  0%| F|  |TAMS 0x00000000a7700000, 0x00000000a7700000| Untracked 
|  90|0x00000000a7800000, 0x00000000a7800000, 0x00000000a7900000|  0%| F|  |TAMS 0x00000000a7800000, 0x00000000a7800000| Untracked 
|  91|0x00000000a7900000, 0x00000000a7900000, 0x00000000a7a00000|  0%| F|  |TAMS 0x00000000a7900000, 0x00000000a7900000| Untracked 
|  92|0x00000000a7a00000, 0x00000000a7a00000, 0x00000000a7b00000|  0%| F|  |TAMS 0x00000000a7a00000, 0x00000000a7a00000| Untracked 
|  93|0x00000000a7b00000, 0x00000000a7b00000, 0x00000000a7c00000|  0%| F|  |TAMS 0x00000000a7b00000, 0x00000000a7b00000| Untracked 
|  94|0x00000000a7c00000, 0x00000000a7c00000, 0x00000000a7d00000|  0%| F|  |TAMS 0x00000000a7c00000, 0x00000000a7c00000| Untracked 
|  95|0x00000000a7d00000, 0x00000000a7d00000, 0x00000000a7e00000|  0%| F|  |TAMS 0x00000000a7d00000, 0x00000000a7d00000| Untracked 
|  96|0x00000000a7e00000, 0x00000000a7e00000, 0x00000000a7f00000|  0%| F|  |TAMS 0x00000000a7e00000, 0x00000000a7e00000| Untracked 
|  97|0x00000000a7f00000, 0x00000000a7f00000, 0x00000000a8000000|  0%| F|  |TAMS 0x00000000a7f00000, 0x00000000a7f00000| Untracked 
|  98|0x00000000a8000000, 0x00000000a8000000, 0x00000000a8100000|  0%| F|  |TAMS 0x00000000a8000000, 0x00000000a8000000| Untracked 
|  99|0x00000000a8100000, 0x00000000a8100000, 0x00000000a8200000|  0%| F|  |TAMS 0x00000000a8100000, 0x00000000a8100000| Untracked 
| 100|0x00000000a8200000, 0x00000000a8200000, 0x00000000a8300000|  0%| F|  |TAMS 0x00000000a8200000, 0x00000000a8200000| Untracked 
| 101|0x00000000a8300000, 0x00000000a8300000, 0x00000000a8400000|  0%| F|  |TAMS 0x00000000a8300000, 0x00000000a8300000| Untracked 
| 102|0x00000000a8400000, 0x00000000a8400000, 0x00000000a8500000|  0%| F|  |TAMS 0x00000000a8400000, 0x00000000a8400000| Untracked 
| 103|0x00000000a8500000, 0x00000000a8500000, 0x00000000a8600000|  0%| F|  |TAMS 0x00000000a8500000, 0x00000000a8500000| Untracked 
| 104|0x00000000a8600000, 0x00000000a8600000, 0x00000000a8700000|  0%| F|  |TAMS 0x00000000a8600000, 0x00000000a8600000| Untracked 
| 105|0x00000000a8700000, 0x00000000a8700000, 0x00000000a8800000|  0%| F|  |TAMS 0x00000000a8700000, 0x00000000a8700000| Untracked 
| 106|0x00000000a8800000, 0x00000000a8800000, 0x00000000a8900000|  0%| F|  |TAMS 0x00000000a8800000, 0x00000000a8800000| Untracked 
| 107|0x00000000a8900000, 0x00000000a8900000, 0x00000000a8a00000|  0%| F|  |TAMS 0x00000000a8900000, 0x00000000a8900000| Untracked 
| 108|0x00000000a8a00000, 0x00000000a8a00000, 0x00000000a8b00000|  0%| F|  |TAMS 0x00000000a8a00000, 0x00000000a8a00000| Untracked 
| 109|0x00000000a8b00000, 0x00000000a8b00000, 0x00000000a8c00000|  0%| F|  |TAMS 0x00000000a8b00000, 0x00000000a8b00000| Untracked 
| 110|0x00000000a8c00000, 0x00000000a8c00000, 0x00000000a8d00000|  0%| F|  |TAMS 0x00000000a8c00000, 0x00000000a8c00000| Untracked 
| 111|0x00000000a8d00000, 0x00000000a8d00000, 0x00000000a8e00000|  0%| F|  |TAMS 0x00000000a8d00000, 0x00000000a8d00000| Untracked 
| 112|0x00000000a8e00000, 0x00000000a8e00000, 0x00000000a8f00000|  0%| F|  |TAMS 0x00000000a8e00000, 0x00000000a8e00000| Untracked 
| 113|0x00000000a8f00000, 0x00000000a8f00000, 0x00000000a9000000|  0%| F|  |TAMS 0x00000000a8f00000, 0x00000000a8f00000| Untracked 
| 114|0x00000000a9000000, 0x00000000a9000000, 0x00000000a9100000|  0%| F|  |TAMS 0x00000000a9000000, 0x00000000a9000000| Untracked 
| 115|0x00000000a9100000, 0x00000000a9100000, 0x00000000a9200000|  0%| F|  |TAMS 0x00000000a9100000, 0x00000000a9100000| Untracked 
| 116|0x00000000a9200000, 0x00000000a9200000, 0x00000000a9300000|  0%| F|  |TAMS 0x00000000a9200000, 0x00000000a9200000| Untracked 
| 117|0x00000000a9300000, 0x00000000a9300000, 0x00000000a9400000|  0%| F|  |TAMS 0x00000000a9300000, 0x00000000a9300000| Untracked 
| 118|0x00000000a9400000, 0x00000000a9400000, 0x00000000a9500000|  0%| F|  |TAMS 0x00000000a9400000, 0x00000000a9400000| Untracked 
| 119|0x00000000a9500000, 0x00000000a9500000, 0x00000000a9600000|  0%| F|  |TAMS 0x00000000a9500000, 0x00000000a9500000| Untracked 
| 120|0x00000000a9600000, 0x00000000a9600000, 0x00000000a9700000|  0%| F|  |TAMS 0x00000000a9600000, 0x00000000a9600000| Untracked 
| 121|0x00000000a9700000, 0x00000000a9700000, 0x00000000a9800000|  0%| F|  |TAMS 0x00000000a9700000, 0x00000000a9700000| Untracked 
| 122|0x00000000a9800000, 0x00000000a9800000, 0x00000000a9900000|  0%| F|  |TAMS 0x00000000a9800000, 0x00000000a9800000| Untracked 
| 123|0x00000000a9900000, 0x00000000a9900000, 0x00000000a9a00000|  0%| F|  |TAMS 0x00000000a9900000, 0x00000000a9900000| Untracked 
| 124|0x00000000a9a00000, 0x00000000a9a00000, 0x00000000a9b00000|  0%| F|  |TAMS 0x00000000a9a00000, 0x00000000a9a00000| Untracked 
| 125|0x00000000a9b00000, 0x00000000a9b00000, 0x00000000a9c00000|  0%| F|  |TAMS 0x00000000a9b00000, 0x00000000a9b00000| Untracked 
| 126|0x00000000a9c00000, 0x00000000a9c00000, 0x00000000a9d00000|  0%| F|  |TAMS 0x00000000a9c00000, 0x00000000a9c00000| Untracked 
| 127|0x00000000a9d00000, 0x00000000a9d00000, 0x00000000a9e00000|  0%| F|  |TAMS 0x00000000a9d00000, 0x00000000a9d00000| Untracked 
| 128|0x00000000a9e00000, 0x00000000a9f00000, 0x00000000a9f00000|100%| S|CS|TAMS 0x00000000a9e00000, 0x00000000a9e00000| Complete 
| 129|0x00000000a9f00000, 0x00000000aa000000, 0x00000000aa000000|100%| S|CS|TAMS 0x00000000a9f00000, 0x00000000a9f00000| Complete 
| 130|0x00000000aa000000, 0x00000000aa000000, 0x00000000aa100000|  0%| F|  |TAMS 0x00000000aa000000, 0x00000000aa000000| Untracked 
| 131|0x00000000aa100000, 0x00000000aa200000, 0x00000000aa200000|100%| E|  |TAMS 0x00000000aa100000, 0x00000000aa100000| Complete 
| 132|0x00000000aa200000, 0x00000000aa300000, 0x00000000aa300000|100%| E|CS|TAMS 0x00000000aa200000, 0x00000000aa200000| Complete 
| 133|0x00000000aa300000, 0x00000000aa400000, 0x00000000aa400000|100%| E|CS|TAMS 0x00000000aa300000, 0x00000000aa300000| Complete 
| 134|0x00000000aa400000, 0x00000000aa500000, 0x00000000aa500000|100%| E|CS|TAMS 0x00000000aa400000, 0x00000000aa400000| Complete 
| 135|0x00000000aa500000, 0x00000000aa600000, 0x00000000aa600000|100%| E|CS|TAMS 0x00000000aa500000, 0x00000000aa500000| Complete 
| 136|0x00000000aa600000, 0x00000000aa700000, 0x00000000aa700000|100%| E|CS|TAMS 0x00000000aa600000, 0x00000000aa600000| Complete 
| 137|0x00000000aa700000, 0x00000000aa800000, 0x00000000aa800000|100%| E|CS|TAMS 0x00000000aa700000, 0x00000000aa700000| Complete 
| 138|0x00000000aa800000, 0x00000000aa900000, 0x00000000aa900000|100%| E|CS|TAMS 0x00000000aa800000, 0x00000000aa800000| Complete 
| 139|0x00000000aa900000, 0x00000000aaa00000, 0x00000000aaa00000|100%| E|CS|TAMS 0x00000000aa900000, 0x00000000aa900000| Complete 

Card table byte_map: [0x0000015f9b610000,0x0000015f9b910000] _byte_map_base: 0x0000015f9b101000

Marking Bits (Prev, Next): (CMBitMap*) 0x0000015f83ebeef0, (CMBitMap*) 0x0000015f83ebeeb8
 Prev Bits: [0x0000015f9d3a0000, 0x0000015f9eb28000)
 Next Bits: [0x0000015f9bc10000, 0x0000015f9d398000)

Polling page: 0x0000015f83640000

Metaspace:

Usage:
  Non-class:    111.38 MB capacity,   107.99 MB ( 97%) used,     2.59 MB (  2%) free+waste,   827.00 KB ( <1%) overhead. 
      Class:     20.71 MB capacity,    17.25 MB ( 83%) used,     3.01 MB ( 15%) free+waste,   458.50 KB (  2%) overhead. 
       Both:    132.10 MB capacity,   125.24 MB ( 95%) used,     5.60 MB (  4%) free+waste,     1.26 MB ( <1%) overhead. 

Virtual space:
  Non-class space:      112.00 MB reserved,     111.58 MB (>99%) committed 
      Class space:        1.00 GB reserved,      20.84 MB (  2%) committed 
             Both:        1.11 GB reserved,     132.41 MB ( 12%) committed 

Chunk freelists:
   Non-Class:  7.00 KB
       Class:  7.00 KB
        Both:  14.00 KB

MaxMetaspaceSize: 17179869184.00 GB
CompressedClassSpaceSize: 1.00 GB
Initial GC threshold: 20.80 MB
Current GC threshold: 220.07 MB
CDS: off

CodeHeap 'non-profiled nmethods': size=120064Kb used=5939Kb max_used=5939Kb free=114124Kb
 bounds [0x0000015f940d0000, 0x0000015f946a0000, 0x0000015f9b610000]
CodeHeap 'profiled nmethods': size=120000Kb used=20621Kb max_used=20621Kb free=99378Kb
 bounds [0x0000015f8cba0000, 0x0000015f8dfd0000, 0x0000015f940d0000]
CodeHeap 'non-nmethods': size=5696Kb used=1625Kb max_used=1670Kb free=4071Kb
 bounds [0x0000015f8c610000, 0x0000015f8c880000, 0x0000015f8cba0000]
 total_blobs=10803 nmethods=9805 adapters=907
 compilation: enabled
              stopped_count=0, restarted_count=0
 full_count=0

Compilation events (20 events):
Event: 32.765 Thread 0x0000015fa0f33000 9819       2       org.codehaus.janino.Java$ReferenceType::setEnclosingScope (50 bytes)
Event: 32.766 Thread 0x0000015fa0f33000 nmethod 9819 0x0000015f8dfbdd10 code [0x0000015f8dfbdee0, 0x0000015f8dfbe0d8]
Event: 32.766 Thread 0x0000015fa0f33000 9820   !   2       org.codehaus.janino.IClassLoader::getMethod (17 bytes)
Event: 32.766 Thread 0x0000015fa0f33000 nmethod 9820 0x0000015f8dfbe210 code [0x0000015f8dfbe3e0, 0x0000015f8dfbe5b8]
Event: 32.767 Thread 0x0000015fa0f33000 9822       2       java.lang.Class::getDeclaringClass (31 bytes)
Event: 32.768 Thread 0x0000015fa0f33000 nmethod 9822 0x0000015f8dfbe710 code [0x0000015f8dfbe8e0, 0x0000015f8dfbea88]
Event: 32.769 Thread 0x0000015fa0f33000 9823       2       org.codehaus.janino.IClass::getIMethods (173 bytes)
Event: 32.770 Thread 0x0000015fa0f33000 nmethod 9823 0x0000015f8dfbec10 code [0x0000015f8dfbeee0, 0x0000015f8dfbf878]
Event: 32.771 Thread 0x0000015fa0f33000 9824       2       org.codehaus.janino.CodeContext::removeCode (721 bytes)
Event: 32.772 Thread 0x0000015fa0f33000 nmethod 9824 0x0000015f8dfbfe90 code [0x0000015f8dfc01c0, 0x0000015f8dfc0e78]
Event: 32.773 Thread 0x0000015fa0f33000 9825       2       org.codehaus.janino.UnitCompiler$28::visitRvalue (6 bytes)
Event: 32.773 Thread 0x0000015fa0f33000 nmethod 9825 0x0000015f8dfc1590 code [0x0000015f8dfc1760, 0x0000015f8dfc1968]
Event: 32.774 Thread 0x0000015fa0f33000 9826       2       org.codehaus.janino.UnitCompiler::getReturnType (26 bytes)
Event: 32.774 Thread 0x0000015fa0f33000 nmethod 9826 0x0000015f8dfc1a90 code [0x0000015f8dfc1c40, 0x0000015f8dfc1de8]
Event: 32.778 Thread 0x0000015fa0f33000 9827       2       scala.collection.mutable.ArraySeq::<init> (5 bytes)
Event: 32.779 Thread 0x0000015fa0f33000 nmethod 9827 0x0000015f8dfc1f10 code [0x0000015f8dfc20c0, 0x0000015f8dfc21b8]
Event: 32.779 Thread 0x0000015fa0f33000 9828       2       org.codehaus.janino.util.ClassFile$AttributeInfo::<init> (10 bytes)
Event: 32.779 Thread 0x0000015fa0f33000 nmethod 9828 0x0000015f8dfc2290 code [0x0000015f8dfc2440, 0x0000015f8dfc2538]
Event: 32.787 Thread 0x0000015fa0f33000 9829       2       java.lang.Long::toString (55 bytes)
Event: 32.787 Thread 0x0000015fa0f33000 nmethod 9829 0x0000015f8dfc2610 code [0x0000015f8dfc27e0, 0x0000015f8dfc2a58]

GC Heap History (20 events):
Event: 29.595 GC heap before
{Heap before GC invocations=42 (full 0):
 garbage-first heap   total 118784K, used 94699K [0x00000000a1e00000, 0x0000000100000000)
  region size 1024K, 34 young (34816K), 2 survivors (2048K)
 Metaspace       used 127074K, capacity 133958K, committed 134312K, reserved 1163264K
  class space    used 17519K, capacity 20978K, committed 21080K, reserved 1048576K
}
Event: 29.599 GC heap after
{Heap after GC invocations=43 (full 0):
 garbage-first heap   total 118784K, used 62290K [0x00000000a1e00000, 0x0000000100000000)
  region size 1024K, 2 young (2048K), 2 survivors (2048K)
 Metaspace       used 127074K, capacity 133958K, committed 134312K, reserved 1163264K
  class space    used 17519K, capacity 20978K, committed 21080K, reserved 1048576K
}
Event: 29.666 GC heap before
{Heap before GC invocations=43 (full 0):
 garbage-first heap   total 118784K, used 93010K [0x00000000a1e00000, 0x0000000100000000)
  region size 1024K, 32 young (32768K), 2 survivors (2048K)
 Metaspace       used 127074K, capacity 133958K, committed 134312K, reserved 1163264K
  class space    used 17519K, capacity 20978K, committed 21080K, reserved 1048576K
}
Event: 29.670 GC heap after
{Heap after GC invocations=44 (full 0):
 garbage-first heap   total 118784K, used 62364K [0x00000000a1e00000, 0x0000000100000000)
  region size 1024K, 2 young (2048K), 2 survivors (2048K)
 Metaspace       used 127074K, capacity 133958K, committed 134312K, reserved 1163264K
  class space    used 17519K, capacity 20978K, committed 21080K, reserved 1048576K
}
Event: 29.789 GC heap before
{Heap before GC invocations=45 (full 0):
 garbage-first heap   total 118784K, used 94108K [0x00000000a1e00000, 0x0000000100000000)
  region size 1024K, 33 young (33792K), 2 survivors (2048K)
 Metaspace       used 127178K, capacity 134097K, committed 134312K, reserved 1163264K
  class space    used 17541K, capacity 21010K, committed 21080K, reserved 1048576K
}
Event: 29.793 GC heap after
{Heap after GC invocations=46 (full 0):
 garbage-first heap   total 118784K, used 62369K [0x00000000a1e00000, 0x0000000100000000)
  region size 1024K, 2 young (2048K), 2 survivors (2048K)
 Metaspace       used 127178K, capacity 134097K, committed 134312K, reserved 1163264K
  class space    used 17541K, capacity 21010K, committed 21080K, reserved 1048576K
}
Event: 29.803 GC heap before
{Heap before GC invocations=46 (full 0):
 garbage-first heap   total 118784K, used 69537K [0x00000000a1e00000, 0x0000000100000000)
  region size 1024K, 10 young (10240K), 2 survivors (2048K)
 Metaspace       used 127201K, capacity 134097K, committed 134312K, reserved 1163264K
  class space    used 17541K, capacity 21010K, committed 21080K, reserved 1048576K
}
Event: 29.807 GC heap after
{Heap after GC invocations=47 (full 0):
 garbage-first heap   total 118784K, used 62287K [0x00000000a1e00000, 0x0000000100000000)
  region size 1024K, 2 young (2048K), 2 survivors (2048K)
 Metaspace       used 127201K, capacity 134097K, committed 134312K, reserved 1163264K
  class space    used 17541K, capacity 21010K, committed 21080K, reserved 1048576K
}
Event: 30.004 GC heap before
{Heap before GC invocations=48 (full 0):
 garbage-first heap   total 118784K, used 76623K [0x00000000a1e00000, 0x0000000100000000)
  region size 1024K, 13 young (13312K), 2 survivors (2048K)
 Metaspace       used 127230K, capacity 134100K, committed 134312K, reserved 1163264K
  class space    used 17541K, capacity 21010K, committed 21080K, reserved 1048576K
}
Event: 30.009 GC heap after
{Heap after GC invocations=49 (full 0):
 garbage-first heap   total 118784K, used 60780K [0x00000000a1e00000, 0x0000000100000000)
  region size 1024K, 2 young (2048K), 2 survivors (2048K)
 Metaspace       used 127230K, capacity 134100K, committed 134312K, reserved 1163264K
  class space    used 17541K, capacity 21010K, committed 21080K, reserved 1048576K
}
Event: 30.387 GC heap before
{Heap before GC invocations=50 (full 0):
 garbage-first heap   total 118784K, used 69996K [0x00000000a1e00000, 0x0000000100000000)
  region size 1024K, 11 young (11264K), 2 survivors (2048K)
 Metaspace       used 127426K, capacity 134299K, committed 134568K, reserved 1163264K
  class space    used 17564K, capacity 21043K, committed 21080K, reserved 1048576K
}
Event: 30.391 GC heap after
{Heap after GC invocations=51 (full 0):
 garbage-first heap   total 118784K, used 60986K [0x00000000a1e00000, 0x0000000100000000)
  region size 1024K, 2 young (2048K), 2 survivors (2048K)
 Metaspace       used 127426K, capacity 134299K, committed 134568K, reserved 1163264K
  class space    used 17564K, capacity 21043K, committed 21080K, reserved 1048576K
}
Event: 30.853 GC heap before
{Heap before GC invocations=52 (full 0):
 garbage-first heap   total 118784K, used 69178K [0x00000000a1e00000, 0x0000000100000000)
  region size 1024K, 6 young (6144K), 2 survivors (2048K)
 Metaspace       used 127546K, capacity 134491K, committed 134696K, reserved 1163264K
  class space    used 17595K, capacity 21095K, committed 21208K, reserved 1048576K
}
Event: 30.858 GC heap after
{Heap after GC invocations=53 (full 0):
 garbage-first heap   total 118784K, used 61026K [0x00000000a1e00000, 0x0000000100000000)
  region size 1024K, 2 young (2048K), 2 survivors (2048K)
 Metaspace       used 127546K, capacity 134491K, committed 134696K, reserved 1163264K
  class space    used 17595K, capacity 21095K, committed 21208K, reserved 1048576K
}
Event: 31.288 GC heap before
{Heap before GC invocations=54 (full 0):
 garbage-first heap   total 118784K, used 65122K [0x00000000a1e00000, 0x0000000100000000)
  region size 1024K, 5 young (5120K), 2 survivors (2048K)
 Metaspace       used 127693K, capacity 134642K, committed 134952K, reserved 1163264K
  class space    used 17617K, capacity 21131K, committed 21208K, reserved 1048576K
}
Event: 31.294 GC heap after
{Heap after GC invocations=55 (full 0):
 garbage-first heap   total 118784K, used 61129K [0x00000000a1e00000, 0x0000000100000000)
  region size 1024K, 2 young (2048K), 2 survivors (2048K)
 Metaspace       used 127693K, capacity 134642K, committed 134952K, reserved 1163264K
  class space    used 17617K, capacity 21131K, committed 21208K, reserved 1048576K
}
Event: 31.968 GC heap before
{Heap before GC invocations=56 (full 0):
 garbage-first heap   total 118784K, used 69321K [0x00000000a1e00000, 0x0000000100000000)
  region size 1024K, 6 young (6144K), 2 survivors (2048K)
 Metaspace       used 127793K, capacity 134848K, committed 134952K, reserved 1163264K
  class space    used 17633K, capacity 21158K, committed 21208K, reserved 1048576K
}
Event: 31.973 GC heap after
{Heap after GC invocations=57 (full 0):
 garbage-first heap   total 143360K, used 61050K [0x00000000a1e00000, 0x0000000100000000)
  region size 1024K, 2 young (2048K), 2 survivors (2048K)
 Metaspace       used 127793K, capacity 134848K, committed 134952K, reserved 1163264K
  class space    used 17633K, capacity 21158K, committed 21208K, reserved 1048576K
}
Event: 32.379 GC heap before
{Heap before GC invocations=58 (full 0):
 garbage-first heap   total 143360K, used 72314K [0x00000000a1e00000, 0x0000000100000000)
  region size 1024K, 12 young (12288K), 2 survivors (2048K)
 Metaspace       used 127994K, capacity 135023K, committed 135208K, reserved 1163264K
  class space    used 17642K, capacity 21173K, committed 21208K, reserved 1048576K
}
Event: 32.386 GC heap after
{Heap after GC invocations=59 (full 0):
 garbage-first heap   total 143360K, used 61692K [0x00000000a1e00000, 0x0000000100000000)
  region size 1024K, 2 young (2048K), 2 survivors (2048K)
 Metaspace       used 127994K, capacity 135023K, committed 135208K, reserved 1163264K
  class space    used 17642K, capacity 21173K, committed 21208K, reserved 1048576K
}

Deoptimization events (20 events):
Event: 31.224 Thread 0x0000015fa5201000 DEOPT PACKING pc=0x0000015f9444ef70 sp=0x0000003fb67fea30
Event: 31.224 Thread 0x0000015fa5201000 DEOPT UNPACKING pc=0x0000015f8c65a1af sp=0x0000003fb67fe998 mode 2
Event: 31.512 Thread 0x0000015fa520d000 Uncommon trap: trap_request=0xffffff7e fr.pc=0x0000015f9467637c relative=0x00000000000001dc
Event: 31.512 Thread 0x0000015fa520d000 Uncommon trap: reason=predicate action=maybe_recompile pc=0x0000015f9467637c method=java.util.Arrays.fill([Ljava/lang/Object;IILjava/lang/Object;)V @ 13 c2
Event: 31.512 Thread 0x0000015fa520d000 DEOPT PACKING pc=0x0000015f9467637c sp=0x0000003fb73fa8f0
Event: 31.512 Thread 0x0000015fa520d000 DEOPT UNPACKING pc=0x0000015f8c65a1af sp=0x0000003fb73fa8c0 mode 2
Event: 32.118 Thread 0x0000015f83e89000 Uncommon trap: trap_request=0xffffffc6 fr.pc=0x0000015f945db304 relative=0x0000000000000f84
Event: 32.118 Thread 0x0000015f83e89000 Uncommon trap: reason=bimorphic_or_optimized_type_check action=maybe_recompile pc=0x0000015f945db304 method=java.util.regex.Pattern$Curly.match1(Ljava/util/regex/Matcher;IILjava/lang/CharSequence;)Z @ 8 c2
Event: 32.118 Thread 0x0000015f83e89000 DEOPT PACKING pc=0x0000015f945db304 sp=0x0000003fb39fbda0
Event: 32.118 Thread 0x0000015f83e89000 DEOPT UNPACKING pc=0x0000015f8c65a1af sp=0x0000003fb39fbcd0 mode 2
Event: 32.289 Thread 0x0000015f83e89000 DEOPT PACKING pc=0x0000015f8d3888e0 sp=0x0000003fb39fb6f0
Event: 32.289 Thread 0x0000015f83e89000 DEOPT UNPACKING pc=0x0000015f8c65a95e sp=0x0000003fb39fabb0 mode 0
Event: 32.708 Thread 0x0000015fa520d000 DEOPT PACKING pc=0x0000015f8cc1941b sp=0x0000003fb73fdaa0
Event: 32.708 Thread 0x0000015fa520d000 DEOPT UNPACKING pc=0x0000015f8c65a95e sp=0x0000003fb73fcfe0 mode 0
Event: 32.708 Thread 0x0000015fa520d000 Uncommon trap: trap_request=0xffffff4d fr.pc=0x0000015f940e9800 relative=0x0000000000000060
Event: 32.708 Thread 0x0000015fa520d000 Uncommon trap: reason=unstable_if action=reinterpret pc=0x0000015f940e9800 method=java.io.WinNTFileSystem.isSlash(C)Z @ 9 c2
Event: 32.708 Thread 0x0000015fa520d000 DEOPT PACKING pc=0x0000015f940e9800 sp=0x0000003fb73fdae0
Event: 32.708 Thread 0x0000015fa520d000 DEOPT UNPACKING pc=0x0000015f8c65a1af sp=0x0000003fb73fda68 mode 2
Event: 32.762 Thread 0x0000015fa520d000 DEOPT PACKING pc=0x0000015f8dbac4c6 sp=0x0000003fb73fd7a0
Event: 32.762 Thread 0x0000015fa520d000 DEOPT UNPACKING pc=0x0000015f8c65a95e sp=0x0000003fb73fcc98 mode 0

Classes redefined (0 events):
No events

Internal exceptions (20 events):
Event: 28.735 Thread 0x0000015f83e89000 Exception <a 'sun/nio/fs/WindowsException'{0x00000000a9070748}> (0x00000000a9070748) thrown at [s\src\hotspot\share\prims\jni.cpp, line 617]
Event: 29.523 Thread 0x0000015fa520d000 Exception <a 'sun/nio/fs/WindowsException'{0x00000000a91e90d0}> (0x00000000a91e90d0) thrown at [s\src\hotspot\share\prims\jni.cpp, line 617]
Event: 29.802 Thread 0x0000015fa520d000 Implicit null exception at 0x0000015f94630b18 to 0x0000015f946311c0
Event: 29.809 Thread 0x0000015fa520d000 Implicit null exception at 0x0000015f9462e7ff to 0x0000015f9462ee84
Event: 30.217 Thread 0x0000015f83e89000 Exception <a 'java/lang/NoSuchMethodError'{0x00000000a8ef01d8}: <clinit>> (0x00000000a8ef01d8) thrown at [s\src\hotspot\share\prims\jni.cpp, line 1372]
Event: 30.275 Thread 0x0000015f83e89000 Exception <a 'java/lang/NoSuchMethodError'{0x00000000a8b372b0}: <clinit>> (0x00000000a8b372b0) thrown at [s\src\hotspot\share\prims\jni.cpp, line 1372]
Event: 30.287 Thread 0x0000015f83e89000 Exception <a 'java/lang/NoSuchMethodError'{0x00000000a8b5dc38}: <clinit>> (0x00000000a8b5dc38) thrown at [s\src\hotspot\share\prims\jni.cpp, line 1372]
Event: 30.695 Thread 0x0000015fa520d000 Exception <a 'java/lang/NoSuchMethodError'{0x00000000a9045780}: 'java.lang.Object java.lang.invoke.DelegatingMethodHandle$Holder.reinvoke_L(java.lang.Object, java.lang.Object, java.lang.Object, java.lang.Object, java.lang.Object, java.lang.Object, java.lang.Object, java.lang.Object, java.lang.Object, java.lang.Object, java.lang.Object, java.lang.Object, java.lang.Object, java.lang.Object, java.lang.Object, java.lang.Object)'> (0x00000000a9045780) thrown at [s\src\hotspot\share\interpreter\linkResolver.cpp,
Event: 30.695 Thread 0x0000015fa520d000 Exception <a 'java/lang/NoSuchMethodError'{0x00000000a905e898}: 'java.lang.Object java.lang.invoke.Invokers$Holder.invoker(java.lang.Object, java.lang.Object, java.lang.Object, java.lang.Object, java.lang.Object, java.lang.Object, java.lang.Object, java.lang.Object, java.lang.Object, java.lang.Object, java.lang.Object, java.lang.Object, java.lang.Object, java.lang.Object, java.lang.Object, java.lang.Object, java.lang.Object)'> (0x00000000a905e898) thrown at [s\src\hotspot\share\interpreter\linkResolver.cpp
Event: 30.696 Thread 0x0000015fa520d000 Exception <a 'java/lang/NoSuchMethodError'{0x00000000a9064560}: 'java.lang.Object java.lang.invoke.DirectMethodHandle$Holder.invokeSpecial(java.lang.Object, java.lang.Object, java.lang.Object, java.lang.Object, java.lang.Object, java.lang.Object, java.lang.Object, java.lang.Object, java.lang.Object, java.lang.Object, java.lang.Object, java.lang.Object, java.lang.Object, java.lang.Object, java.lang.Object, java.lang.Object, java.lang.Object, java.lang.Object)'> (0x00000000a9064560) thrown at [s\src\hotspot\
Event: 30.696 Thread 0x0000015fa520d000 Exception <a 'java/lang/NoSuchMethodError'{0x00000000a90699d8}: 'java.lang.Object java.lang.invoke.DelegatingMethodHandle$Holder.delegate(java.lang.Object, java.lang.Object, java.lang.Object, java.lang.Object, java.lang.Object, java.lang.Object, java.lang.Object, java.lang.Object, java.lang.Object, java.lang.Object, java.lang.Object, java.lang.Object, java.lang.Object, java.lang.Object, java.lang.Object, java.lang.Object, java.lang.Object)'> (0x00000000a90699d8) thrown at [s\src\hotspot\share\interpreter\l
Event: 30.699 Thread 0x0000015fa520d000 Exception <a 'java/lang/NoSuchMethodError'{0x00000000a9083088}: 'java.lang.Object java.lang.invoke.DelegatingMethodHandle$Holder.reinvoke_L(java.lang.Object, int, int, java.lang.Object)'> (0x00000000a9083088) thrown at [s\src\hotspot\share\interpreter\linkResolver.cpp, line 773]
Event: 31.183 Thread 0x0000015fa520d000 Exception <a 'java/lang/NoSuchMethodError'{0x00000000a9112c78}: <clinit>> (0x00000000a9112c78) thrown at [s\src\hotspot\share\prims\jni.cpp, line 1372]
Event: 31.183 Thread 0x0000015fa520d000 Exception <a 'java/lang/NoSuchMethodError'{0x00000000a91139f0}: <clinit>> (0x00000000a91139f0) thrown at [s\src\hotspot\share\prims\jni.cpp, line 1372]
Event: 31.183 Thread 0x0000015fa520d000 Exception <a 'java/lang/NoSuchMethodError'{0x00000000a91188c8}: <clinit>> (0x00000000a91188c8) thrown at [s\src\hotspot\share\prims\jni.cpp, line 1372]
Event: 31.218 Thread 0x0000015f83e89000 Exception <a 'java/lang/NoSuchMethodError'{0x00000000a9000a90}: 'java.lang.Object java.lang.invoke.DirectMethodHandle$Holder.invokeStatic(java.lang.Object, java.lang.Object, float)'> (0x00000000a9000a90) thrown at [s\src\hotspot\share\interpreter\linkResolver.cpp, line 773]
Event: 31.218 Thread 0x0000015f83e89000 Exception <a 'java/lang/NoSuchMethodError'{0x00000000a9007260}: 'java.lang.Object java.lang.invoke.Invokers$Holder.linkToTargetMethod(java.lang.Object, float, java.lang.Object)'> (0x00000000a9007260) thrown at [s\src\hotspot\share\interpreter\linkResolver.cpp, line 773]
Event: 31.285 Thread 0x0000015fa5201000 Exception <a 'java/lang/NoSuchMethodError'{0x00000000a90d36a0}: <clinit>> (0x00000000a90d36a0) thrown at [s\src\hotspot\share\prims\jni.cpp, line 1372]
Event: 31.514 Thread 0x0000015fa520d000 Exception <a 'java/lang/NoSuchMethodError'{0x00000000a9035f68}: 'java.lang.Object java.lang.invoke.Invokers$Holder.invoker(java.lang.Object, java.lang.Object, java.lang.Object, java.lang.Object, java.lang.Object, java.lang.Object, java.lang.Object, java.lang.Object, java.lang.Object, java.lang.Object, java.lang.Object, java.lang.Object, java.lang.Object)'> (0x00000000a9035f68) thrown at [s\src\hotspot\share\interpreter\linkResolver.cpp, line 773]
Event: 32.307 Thread 0x0000015f83e89000 Exception <a 'java/lang/NoSuchMethodError'{0x00000000aa51ea08}: <clinit>> (0x00000000aa51ea08) thrown at [s\src\hotspot\share\prims\jni.cpp, line 1372]

Events (20 events):
Event: 32.783 loading class org/apache/spark/util/collection/unsafe/sort/UnsafeExternalSorter$ChainedIterator done
Event: 32.784 loading class org/apache/spark/util/collection/unsafe/sort/UnsafeExternalSorter$SpillableIterator
Event: 32.784 loading class org/apache/spark/util/collection/unsafe/sort/UnsafeExternalSorter$SpillableIterator done
Event: 32.785 loading class org/apache/spark/util/collection/unsafe/sort/UnsafeInMemorySorter
Event: 32.785 loading class org/apache/spark/util/collection/unsafe/sort/UnsafeInMemorySorter done
Event: 32.785 loading class org/apache/spark/util/collection/unsafe/sort/UnsafeInMemorySorter$SortedIterator
Event: 32.785 loading class org/apache/spark/util/collection/unsafe/sort/UnsafeInMemorySorter$SortedIterator done
Event: 32.786 loading class org/apache/spark/util/collection/SortDataFormat
Event: 32.786 loading class org/apache/spark/util/collection/SortDataFormat done
Event: 32.786 loading class org/apache/spark/util/collection/unsafe/sort/UnsafeSortDataFormat
Event: 32.786 loading class org/apache/spark/util/collection/unsafe/sort/UnsafeSortDataFormat done
Event: 32.787 loading class org/apache/spark/util/collection/unsafe/sort/UnsafeInMemorySorter$SortComparator
Event: 32.787 loading class org/apache/spark/util/collection/unsafe/sort/UnsafeInMemorySorter$SortComparator done
Event: 32.795 loading class org/apache/spark/TaskContext
Event: 32.795 loading class org/apache/spark/TaskContext done
Event: 32.795 loading class org/apache/spark/TaskContext
Event: 32.795 loading class org/apache/spark/TaskContext done
Event: 32.795 loading class org/apache/spark/util/collection/unsafe/sort/UnsafeExternalSorter
Event: 32.795 loading class org/apache/spark/util/collection/unsafe/sort/UnsafeExternalSorter done
Event: 33.157 Thread 0x0000015fa4ec2800 Thread added: 0x0000015fa4ec2800


Dynamic libraries:
0x00007ff7fdd60000 - 0x00007ff7fdd6e000 	C:\Users\chemm\.jdks\temurin-11.0.26\bin\java.exe
0x00007fff6a7a0000 - 0x00007fff6aa03000 	C:\WINDOWS\SYSTEM32\ntdll.dll
0x00007fff69cb0000 - 0x00007fff69d77000 	C:\WINDOWS\System32\KERNEL32.DLL
0x00007fff681f0000 - 0x00007fff685b9000 	C:\WINDOWS\System32\KERNELBASE.dll
0x00007fff67b90000 - 0x00007fff67cdc000 	C:\WINDOWS\System32\ucrtbase.dll
0x00007fff4b580000 - 0x00007fff4b59e000 	C:\Users\chemm\.jdks\temurin-11.0.26\bin\VCRUNTIME140.dll
0x00007fff3df10000 - 0x00007fff3df27000 	C:\Users\chemm\.jdks\temurin-11.0.26\bin\jli.dll
0x00007fff68670000 - 0x00007fff6883a000 	C:\WINDOWS\System32\USER32.dll
0x00007fff67e20000 - 0x00007fff67e47000 	C:\WINDOWS\System32\win32u.dll
0x00007fff46020000 - 0x00007fff462b0000 	C:\WINDOWS\WinSxS\amd64_microsoft.windows.common-controls_6595b64144ccf1df_6.0.26100.3323_none_3e088096e3344490\COMCTL32.dll
0x00007fff685c0000 - 0x00007fff68669000 	C:\WINDOWS\System32\msvcrt.dll
0x00007fff69fe0000 - 0x00007fff6a00a000 	C:\WINDOWS\System32\GDI32.dll
0x00007fff67ce0000 - 0x00007fff67e11000 	C:\WINDOWS\System32\gdi32full.dll
0x00007fff67fc0000 - 0x00007fff68063000 	C:\WINDOWS\System32\msvcp_win.dll
0x00007fff68850000 - 0x00007fff6887f000 	C:\WINDOWS\System32\IMM32.DLL
0x00007fff482c0000 - 0x00007fff482cc000 	C:\Users\chemm\.jdks\temurin-11.0.26\bin\vcruntime140_1.dll
0x00007fff24aa0000 - 0x00007fff24b2d000 	C:\Users\chemm\.jdks\temurin-11.0.26\bin\msvcp140.dll
0x00007ffee7f40000 - 0x00007ffee8b03000 	C:\Users\chemm\.jdks\temurin-11.0.26\bin\server\jvm.dll
0x00007fff69f20000 - 0x00007fff69fd2000 	C:\WINDOWS\System32\ADVAPI32.dll
0x00007fff68890000 - 0x00007fff68936000 	C:\WINDOWS\System32\sechost.dll
0x00007fff68940000 - 0x00007fff68a56000 	C:\WINDOWS\System32\RPCRT4.dll
0x00007fff69bb0000 - 0x00007fff69c24000 	C:\WINDOWS\System32\WS2_32.dll
0x00007fff68840000 - 0x00007fff68848000 	C:\WINDOWS\System32\PSAPI.DLL
0x00007fff61850000 - 0x00007fff61886000 	C:\WINDOWS\SYSTEM32\WINMM.dll
0x00007fff61890000 - 0x00007fff6189b000 	C:\WINDOWS\SYSTEM32\VERSION.dll
0x00007fff667c0000 - 0x00007fff667da000 	C:\WINDOWS\SYSTEM32\kernel.appcore.dll
0x00007fff462c0000 - 0x00007fff462d0000 	C:\Users\chemm\.jdks\temurin-11.0.26\bin\verify.dll
0x00007fff65d60000 - 0x00007fff65fa1000 	C:\WINDOWS\SYSTEM32\DBGHELP.DLL
0x00007fff697d0000 - 0x00007fff69b52000 	C:\WINDOWS\System32\combase.dll
0x00007fff69d80000 - 0x00007fff69e56000 	C:\WINDOWS\System32\OLEAUT32.dll
0x00007fff44a50000 - 0x00007fff44a89000 	C:\WINDOWS\SYSTEM32\dbgcore.DLL
0x00007fff679a0000 - 0x00007fff67a39000 	C:\WINDOWS\System32\bcryptPrimitives.dll
0x00007fff3dd50000 - 0x00007fff3dd78000 	C:\Users\chemm\.jdks\temurin-11.0.26\bin\java.dll
0x00007fff44490000 - 0x00007fff4449a000 	C:\Users\chemm\.jdks\temurin-11.0.26\bin\jimage.dll
0x00007fff646b0000 - 0x00007fff646be000 	C:\Users\chemm\.jdks\temurin-11.0.26\bin\instrument.dll
0x00007fff3dc40000 - 0x00007fff3dc58000 	C:\Users\chemm\.jdks\temurin-11.0.26\bin\zip.dll
0x00007fff6a040000 - 0x00007fff6a755000 	C:\WINDOWS\System32\SHELL32.dll
0x00007fff67e50000 - 0x00007fff67fb8000 	C:\WINDOWS\System32\wintypes.dll
0x00007fff652b0000 - 0x00007fff65af5000 	C:\WINDOWS\SYSTEM32\windows.storage.dll
0x00007fff69650000 - 0x00007fff6973b000 	C:\WINDOWS\System32\SHCORE.dll
0x00007fff69ec0000 - 0x00007fff69f1d000 	C:\WINDOWS\System32\shlwapi.dll
0x00007fff678b0000 - 0x00007fff678df000 	C:\WINDOWS\SYSTEM32\profapi.dll
0x00007fff3d0e0000 - 0x00007fff3d0f9000 	C:\Users\chemm\.jdks\temurin-11.0.26\bin\net.dll
0x00007fff5c870000 - 0x00007fff5c98e000 	C:\WINDOWS\SYSTEM32\WINHTTP.dll
0x00007fff66ce0000 - 0x00007fff66d4a000 	C:\WINDOWS\system32\mswsock.dll
0x00007fff3d0c0000 - 0x00007fff3d0d3000 	C:\Users\chemm\.jdks\temurin-11.0.26\bin\nio.dll
0x00007fff646a0000 - 0x00007fff646aa000 	C:\Users\chemm\.jdks\temurin-11.0.26\bin\management.dll
0x00007fff64640000 - 0x00007fff6464b000 	C:\Users\chemm\.jdks\temurin-11.0.26\bin\management_ext.dll
0x00007fff343c0000 - 0x00007fff343d8000 	C:\WINDOWS\system32\napinsp.dll
0x00007fff66250000 - 0x00007fff66375000 	C:\WINDOWS\SYSTEM32\DNSAPI.dll
0x00007fff661c0000 - 0x00007fff661f3000 	C:\WINDOWS\SYSTEM32\IPHLPAPI.DLL
0x00007fff68bc0000 - 0x00007fff68bca000 	C:\WINDOWS\System32\NSI.dll
0x00007fff343a0000 - 0x00007fff343b2000 	C:\WINDOWS\System32\winrnr.dll
0x00007fff34370000 - 0x00007fff34392000 	C:\WINDOWS\system32\nlansp_c.dll
0x00007fff52320000 - 0x00007fff52336000 	C:\WINDOWS\system32\wshbth.dll
0x00007fff48a00000 - 0x00007fff48a0b000 	C:\Windows\System32\rasadhlp.dll
0x00007fff511a0000 - 0x00007fff51225000 	C:\WINDOWS\System32\fwpuclnt.dll
0x00007fff59810000 - 0x00007fff59819000 	C:\Users\chemm\.jdks\temurin-11.0.26\bin\jaas.dll
0x00007fff66f80000 - 0x00007fff66f9c000 	C:\WINDOWS\SYSTEM32\CRYPTSP.dll
0x00007fff66720000 - 0x00007fff6675a000 	C:\WINDOWS\system32\rsaenh.dll
0x00007fff66d80000 - 0x00007fff66dab000 	C:\WINDOWS\SYSTEM32\USERENV.dll
0x00007fff671c0000 - 0x00007fff671e6000 	C:\WINDOWS\SYSTEM32\bcrypt.dll
0x00007fff66fa0000 - 0x00007fff66fac000 	C:\WINDOWS\SYSTEM32\CRYPTBASE.dll
0x00007fff5d070000 - 0x00007fff5d08f000 	C:\WINDOWS\SYSTEM32\dhcpcsvc6.DLL
0x00007fff52dd0000 - 0x00007fff52df5000 	C:\WINDOWS\SYSTEM32\dhcpcsvc.DLL
0x0000000066f40000 - 0x0000000066fc4000 	C:\Users\chemm\AppData\Local\Temp\liblz4-java-3020376076013022116.so

dbghelp: loaded successfully - version: 4.0.5 - missing functions: none
symbol engine: initialized successfully - sym options: 0x614 - pdb path: .;C:\Users\chemm\.jdks\temurin-11.0.26\bin;C:\WINDOWS\SYSTEM32;C:\WINDOWS\WinSxS\amd64_microsoft.windows.common-controls_6595b64144ccf1df_6.0.26100.3323_none_3e088096e3344490;C:\Users\chemm\.jdks\temurin-11.0.26\bin\server;C:\Users\chemm\AppData\Local\Temp

VM Arguments:
jvm_args: -javaagent:C:\Program Files\JetBrains\IntelliJ IDEA Community Edition 2024.3.5\lib\idea_rt.jar=54379 -Dfile.encoding=UTF-8 
java_command: fr.mosef.scala.template.Main local src/main/resources/rappelconso0.csv src/main/output report1,report2,report3
java_class_path (initial): C:\Users\chemm\Desktop\cours\MOSEF\Python\Exercice\Scala\scala-project\target\classes;C:\Users\chemm\.m2\repository\org\apache\spark\spark-core_2.13\3.4.2\spark-core_2.13-3.4.2.jar;C:\Users\chemm\.m2\repository\org\scala-lang\modules\scala-parallel-collections_2.13\1.0.4\scala-parallel-collections_2.13-1.0.4.jar;C:\Users\chemm\.m2\repository\org\apache\avro\avro\1.11.1\avro-1.11.1.jar;C:\Users\chemm\.m2\repository\com\fasterxml\jackson\core\jackson-core\2.12.7\jackson-core-2.12.7.jar;C:\Users\chemm\.m2\repository\org\apache\avro\avro-mapred\1.11.1\avro-mapred-1.11.1.jar;C:\Users\chemm\.m2\repository\org\apache\avro\avro-ipc\1.11.1\avro-ipc-1.11.1.jar;C:\Users\chemm\.m2\repository\org\tukaani\xz\1.9\xz-1.9.jar;C:\Users\chemm\.m2\repository\com\twitter\chill_2.13\0.10.0\chill_2.13-0.10.0.jar;C:\Users\chemm\.m2\repository\com\esotericsoftware\kryo-shaded\4.0.2\kryo-shaded-4.0.2.jar;C:\Users\chemm\.m2\repository\com\esotericsoftware\minlog\1.3.0\minlog-1.3.0.jar;C:\Users\chemm\.m2\repository\org\objenesis\objenesis\2.5.1\objenesis-2.5.1.jar;C:\Users\chemm\.m2\repository\com\twitter\chill-java\0.10.0\chill-java-0.10.0.jar;C:\Users\chemm\.m2\repository\org\apache\xbean\xbean-asm9-shaded\4.22\xbean-asm9-shaded-4.22.jar;C:\Users\chemm\.m2\repository\org\apache\hadoop\hadoop-client-api\3.3.4\hadoop-client-api-3.3.4.jar;C:\Users\chemm\.m2\repository\org\apache\hadoop\hadoop-client-runtime\3.3.4\hadoop-client-runtime-3.3.4.jar;C:\Users\chemm\.m2\repository\commons-logging\commons-logging\1.1.3\commons-logging-1.1.3.jar;C:\Users\chemm\.m2\repository\org\apache\spark\spark-launcher_2.13\3.4.2\spark-launcher_2.13-3.4.2.jar;C:\Users\chemm\.m2\repository\org\apache\spark\spark-kvstore_2.13\3.4.2\spark-kvstore_2.13-3.4.2.jar;C:\Users\chemm\.m2\repository\org\fusesource\leveldbjni\leveldbjni-all\1.8\leveldbjni-all-1.8.jar;C:\Users\chemm\.m2\repository\com\fasterxml\jackson\core\jackson-annotations\2.14.2\jackson-annotations-2.14.2.jar;C:\Users\chemm\.m2\r
Launcher Type: SUN_STANDARD

[Global flags]
     intx CICompilerCount                          = 2                                         {product} {ergonomic}
     uint ConcGCThreads                            = 1                                         {product} {ergonomic}
     uint G1ConcRefinementThreads                  = 2                                         {product} {ergonomic}
   size_t G1HeapRegionSize                         = 1048576                                   {product} {ergonomic}
    uintx GCDrainStackTargetSize                   = 64                                        {product} {ergonomic}
   size_t InitialHeapSize                          = 100663296                                 {product} {ergonomic}
   size_t MarkStackSize                            = 4194304                                   {product} {ergonomic}
   size_t MaxHeapSize                              = 1579155456                                {product} {ergonomic}
   size_t MaxNewSize                               = 946864128                                 {product} {ergonomic}
   size_t MinHeapDeltaBytes                        = 1048576                                   {product} {ergonomic}
    uintx NonNMethodCodeHeapSize                   = 5825164                                {pd product} {ergonomic}
    uintx NonProfiledCodeHeapSize                  = 122916538                              {pd product} {ergonomic}
    uintx ProfiledCodeHeapSize                     = 122916538                              {pd product} {ergonomic}
    uintx ReservedCodeCacheSize                    = 251658240                              {pd product} {ergonomic}
     bool SegmentedCodeCache                       = true                                      {product} {ergonomic}
     bool UseCompressedClassPointers               = true                                 {lp64_product} {ergonomic}
     bool UseCompressedOops                        = true                                 {lp64_product} {ergonomic}
     bool UseG1GC                                  = true                                      {product} {ergonomic}
     bool UseLargePagesIndividualAllocation        = false                                  {pd product} {ergonomic}

Logging:
Log output configuration:
 #0: stdout all=warning uptime,level,tags
 #1: stderr all=off uptime,level,tags

Environment Variables:
PATH=C:\Program Files (x86)\Common Files\Oracle\Java\javapath;C:\WINDOWS\system32;C:\WINDOWS;C:\WINDOWS\System32\Wbem;C:\WINDOWS\System32\WindowsPowerShell\v1.0\;C:\WINDOWS\System32\OpenSSH\;C:\Program Files\SASHome\SASFoundation\9.4\core\sasexe;C:\Program Files\SASHome\SASFoundation\9.4\ets\sasexe;C:\Program Files\SASHome\Secure\ccme4;C:\Program Files\SASHome\SASFoundation\9.4\core\sasext;C:\Program Files\Git\cmd;C:\Users\chemm\Miniforge3\condabin;C:\Program Files (x86)\Common Files\Oracle\Java\javapath;C:\WINDOWS\system32;C:\WINDOWS;C:\WINDOWS\System32\Wbem;C:\WINDOWS\System32\WindowsPowerShell\v1.0\;C:\WINDOWS\System32\OpenSSH\;C:\Program Files\SASHome\SASFoundation\9.4\core\sasexe;C:\Program Files\SASHome\SASFoundation\9.4\ets\sasexe;C:\Program Files\SASHome\Secure\ccme4;C:\Program Files\SASHome\SASFoundation\9.4\core\sasext;C:\Program Files\Git\cmd;C:\Users\chemm\AppData\Local\Programs\Microsoft VS Code\bin;C:\Program Files\JetBrains\IntelliJ IDEA Community Edition 2024.3.5\bin;
USERNAME=chemm
OS=Windows_NT
PROCESSOR_IDENTIFIER=AMD64 Family 23 Model 24 Stepping 1, AuthenticAMD
TMP=C:\Users\chemm\AppData\Local\Temp
TEMP=C:\Users\chemm\AppData\Local\Temp



---------------  S Y S T E M  ---------------

OS: Windows 11 , 64 bit Build 26100 (10.0.26100.3323)
OS uptime: 0 days 4:47 hours
Hyper-V role detected

CPU:total 2 (initial active 2) (2 cores per cpu, 1 threads per core) family 23 model 24 stepping 1 microcode 0x8108109, cmov, cx8, fxsr, mmx, sse, sse2, sse3, ssse3, sse4.1, sse4.2, popcnt, avx, avx2, aes, clmul, mmxext, 3dnowpref, lzcnt, sse4a, tsc, tscinvbit, tscinv, bmi1, bmi2, adx, sha, fma

Memory: 4k page, system-wide physical 6020M (667M free)
TotalPageFile size 24452M (AvailPageFile size 9M)
current process WorkingSet (physical memory assigned to process): 386M, peak: 397M
current process commit charge ("private bytes"): 447M, peak: 449M

vm_info: OpenJDK 64-Bit Server VM (11.0.26+4) for windows-amd64 JRE (11.0.26+4), built on Jan 22 2025 03:32:54 by "" with MS VC++ 17.7 (VS2022)

END.
